Change Component DesignItemId : Designator=JP1 Old DesignItemId=1X20 New DesignItemId=PINHD-1X20
Change Component DesignItemId : Designator=JP2 Old DesignItemId=1X20 New DesignItemId=PINHD-1X20
Change Component Comment : Designator=JP1 Old Comment= New Comment=PINHD-1X20
Change Component Comment : Designator=JP2 Old Comment= New Comment=PINHD-1X20
Added Component: Designator=J1(PHOE-1725656-2)
Add component (AddParameter): Name = "Colour"; Value = "Green"; VariantName = "[No Variations]"
Add component (AddParameter): Name = "Content"; Value = "250pc(s)"; VariantName = "[No Variations]"
Add component (AddParameter): Name = "Datasheet URL"; Value = "http://datasheet.octopart.com/1725656-Phoenix-Contact-datasheet-5302866.pdf"; VariantName = "[No Variations]"
Add component (AddParameter): Name = "Datasheet Version"; Value = "Apr-08"; VariantName = "[No Variations]"
Add component (AddParameter): Name = "Industrial packaging"; Value = "Yes"; VariantName = "[No Variations]"
Add component (AddParameter): Name = "Manufacturer"; Value = "Phoenix Contact"; VariantName = "[No Variations]"
Add component (AddParameter): Name = "Manufacturer part No."; Value = "1725656"; VariantName = "[No Variations]"
Add component (AddParameter): Name = "Manufacturer URL"; Value = "http://www.phoenixcontact.com/"; VariantName = "[No Variations]"
Add component (AddParameter): Name = "Number of contacts"; Value = "2"; VariantName = "[No Variations]"
Add component (AddParameter): Name = "Pitch"; Value = "2.54mm"; VariantName = "[No Variations]"
Add component (AddParameter): Name = "Type"; Value = "MPT0,5/2-2,54"; VariantName = "[No Variations]"
Add Component: Footprint Not Found TO127P600X120-5N
Add Component: Footprint Not Found TO127P600X120-5N
Added Pin To Net: NetName=GND Pin=J1-2
Add Pin To Net: Unknown Pin: Pin Q1-4
Add Pin To Net: Unknown Pin: Pin Q1-5
Add Pin To Net: Unknown Pin: Pin Q2-1
Add Pin To Net: Unknown Pin: Pin Q2-2
Add Pin To Net: Unknown Pin: Pin Q2-3
Add Pin To Net: Unknown Pin: Pin Q2-4
Change Net Name : Old Net Name=3.3V New Net Name=3V3
Added Pin To Net: NetName=NetJ1_1 Pin=J1-1
Added Net: Name=NetJ1_1
Added Member To Class: ClassName=ignition Member=Component J1 1725656
Add Class Member: Failed to add class member : Component Q1 PSMN5R6-60YLX
Add Class Member: Failed to add class member : Component Q2 PSMN5R6-60YLX
Added Room: Name=ignition
