Change Component DesignItemId : Designator=JP1 Old DesignItemId=1X20 New DesignItemId=PINHD-1X20
Change Component DesignItemId : Designator=JP2 Old DesignItemId=1X20 New DesignItemId=PINHD-1X20
Change Component Comment : Designator=JP1 Old Comment= New Comment=PINHD-1X20
Change Component Comment : Designator=JP2 Old Comment= New Comment=PINHD-1X20
Added Component: Designator=J1(691214110002)
Add component (AddParameter): Name = "Datasheet URL"; Value = "http://katalog.we-online.de/em/datasheet/6912141100xx.pdf"; VariantName = "[No Variations]"
Add component (AddParameter): Name = "Manufacturer"; Value = "Wurth Elektronik"; VariantName = "[No Variations]"
Add component (AddParameter): Name = "Manufacturer URL"; Value = "http://www.we-online.de"; VariantName = "[No Variations]"
Add component (AddParameter): Name = "Mounting Technology"; Value = "THT"; VariantName = "[No Variations]"
Add component (AddParameter): Name = "Operating Temperature"; Value = "-40to105degC"; VariantName = "[No Variations]"
Add component (AddParameter): Name = "Package Reference"; Value = "691214110002"; VariantName = "[No Variations]"
Add component (AddParameter): Name = "Packaging"; Value = "Box"; VariantName = "[No Variations]"
Add component (AddParameter): Name = "Part Number"; Value = "691214110002"; VariantName = "[No Variations]"
Add component (AddParameter): Name = "Pin Number"; Value = "2"; VariantName = "[No Variations]"
Add component (AddParameter): Name = "Pitch"; Value = "3.50mm"; VariantName = "[No Variations]"
Add component (AddParameter): Name = "Publisher"; Value = "WurthElektronik"; VariantName = "[No Variations]"
Added Pin To Net: NetName=GND Pin=J1-2
Add Pin To Net: Unknown Pin: Pin Q1-4
Add Pin To Net: Unknown Pin: Pin Q1-5
Add Pin To Net: Unknown Pin: Pin Q2-1
Add Pin To Net: Unknown Pin: Pin Q2-2
Add Pin To Net: Unknown Pin: Pin Q2-3
Add Pin To Net: Unknown Pin: Pin Q2-4
Added Pin To Net: NetName=E-match + Pin=J1-1
Added Net: Name=E-match +
Added Member To Class: ClassName=ignition Member=Component J1 E-match
Add Class Member: Failed to add class member : Component Q1 PSMN5R6-60YLX
Add Class Member: Failed to add class member : Component Q2 PSMN5R6-60YLX
Added Room: Name=ignition
